<?xml version="1.0" encoding="UTF-8"?>
<testsuite xmlns:xsi="http://www.w3.org/2001/XMLSchema-instance" xsi:noNamespaceSchemaLocation="https://maven.apache.org/surefire/maven-surefire-plugin/xsd/surefire-test-report.xsd" name="com.woasis.consulproducer.ConsulProducerApplicationTests" time="12.539" tests="1" errors="0" skipped="0" failures="0">
  <properties>
    <property name="sun.desktop" value="windows"/>
    <property name="awt.toolkit" value="sun.awt.windows.WToolkit"/>
    <property name="file.encoding.pkg" value="sun.io"/>
    <property name="java.specification.version" value="1.8"/>
    <property name="sun.cpu.isalist" value="amd64"/>
    <property name="sun.jnu.encoding" value="GBK"/>
    <property name="java.class.path" value="D:\workspace-springbootadmin\spring-cloud\spring-cloud-consul-producer\target\test-classes;D:\workspace-springbootadmin\spring-cloud\spring-cloud-consul-producer\target\classes;E:\mvnrepo\org\springframework\boot\spring-boot-starter-web\2.0.8.RELEASE\spring-boot-starter-web-2.0.8.RELEASE.jar;E:\mvnrepo\org\springframework\boot\spring-boot-starter\2.0.8.RELEASE\spring-boot-starter-2.0.8.RELEASE.jar;E:\mvnrepo\org\springframework\boot\spring-boot\2.0.8.RELEASE\spring-boot-2.0.8.RELEASE.jar;E:\mvnrepo\org\springframework\boot\spring-boot-autoconfigure\2.0.8.RELEASE\spring-boot-autoconfigure-2.0.8.RELEASE.jar;E:\mvnrepo\org\springframework\boot\spring-boot-starter-logging\2.0.8.RELEASE\spring-boot-starter-logging-2.0.8.RELEASE.jar;E:\mvnrepo\ch\qos\logback\logback-classic\1.2.3\logback-classic-1.2.3.jar;E:\mvnrepo\ch\qos\logback\logback-core\1.2.3\logback-core-1.2.3.jar;E:\mvnrepo\org\apache\logging\log4j\log4j-to-slf4j\2.10.0\log4j-to-slf4j-2.10.0.jar;E:\mvnrepo\org\apache\logging\log4j\log4j-api\2.10.0\log4j-api-2.10.0.jar;E:\mvnrepo\org\slf4j\jul-to-slf4j\1.7.25\jul-to-slf4j-1.7.25.jar;E:\mvnrepo\javax\annotation\javax.annotation-api\1.3.2\javax.annotation-api-1.3.2.jar;E:\mvnrepo\org\yaml\snakeyaml\1.19\snakeyaml-1.19.jar;E:\mvnrepo\org\springframework\boot\spring-boot-starter-json\2.0.8.RELEASE\spring-boot-starter-json-2.0.8.RELEASE.jar;E:\mvnrepo\com\fasterxml\jackson\core\jackson-databind\2.9.8\jackson-databind-2.9.8.jar;E:\mvnrepo\com\fasterxml\jackson\core\jackson-annotations\2.9.0\jackson-annotations-2.9.0.jar;E:\mvnrepo\com\fasterxml\jackson\core\jackson-core\2.9.8\jackson-core-2.9.8.jar;E:\mvnrepo\com\fasterxml\jackson\datatype\jackson-datatype-jdk8\2.9.8\jackson-datatype-jdk8-2.9.8.jar;E:\mvnrepo\com\fasterxml\jackson\datatype\jackson-datatype-jsr310\2.9.8\jackson-datatype-jsr310-2.9.8.jar;E:\mvnrepo\com\fasterxml\jackson\module\jackson-module-parameter-names\2.9.8\jackson-module-parameter-names-2.9.8.jar;E:\mvnrepo\org\springframework\boot\spring-boot-starter-tomcat\2.0.8.RELEASE\spring-boot-starter-tomcat-2.0.8.RELEASE.jar;E:\mvnrepo\org\apache\tomcat\embed\tomcat-embed-core\8.5.37\tomcat-embed-core-8.5.37.jar;E:\mvnrepo\org\apache\tomcat\embed\tomcat-embed-el\8.5.37\tomcat-embed-el-8.5.37.jar;E:\mvnrepo\org\apache\tomcat\embed\tomcat-embed-websocket\8.5.37\tomcat-embed-websocket-8.5.37.jar;E:\mvnrepo\org\hibernate\validator\hibernate-validator\6.0.14.Final\hibernate-validator-6.0.14.Final.jar;E:\mvnrepo\javax\validation\validation-api\2.0.1.Final\validation-api-2.0.1.Final.jar;E:\mvnrepo\org\jboss\logging\jboss-logging\3.3.2.Final\jboss-logging-3.3.2.Final.jar;E:\mvnrepo\com\fasterxml\classmate\1.3.4\classmate-1.3.4.jar;E:\mvnrepo\org\springframework\spring-web\5.0.12.RELEASE\spring-web-5.0.12.RELEASE.jar;E:\mvnrepo\org\springframework\spring-beans\5.0.12.RELEASE\spring-beans-5.0.12.RELEASE.jar;E:\mvnrepo\org\springframework\spring-webmvc\5.0.12.RELEASE\spring-webmvc-5.0.12.RELEASE.jar;E:\mvnrepo\org\springframework\spring-aop\5.0.12.RELEASE\spring-aop-5.0.12.RELEASE.jar;E:\mvnrepo\org\springframework\spring-context\5.0.12.RELEASE\spring-context-5.0.12.RELEASE.jar;E:\mvnrepo\org\springframework\spring-expression\5.0.12.RELEASE\spring-expression-5.0.12.RELEASE.jar;E:\mvnrepo\org\springframework\cloud\spring-cloud-starter-openfeign\2.0.1.RELEASE\spring-cloud-starter-openfeign-2.0.1.RELEASE.jar;E:\mvnrepo\org\springframework\cloud\spring-cloud-starter\2.0.1.RELEASE\spring-cloud-starter-2.0.1.RELEASE.jar;E:\mvnrepo\org\springframework\cloud\spring-cloud-context\2.0.1.RELEASE\spring-cloud-context-2.0.1.RELEASE.jar;E:\mvnrepo\org\springframework\security\spring-security-rsa\1.0.5.RELEASE\spring-security-rsa-1.0.5.RELEASE.jar;E:\mvnrepo\org\bouncycastle\bcpkix-jdk15on\1.56\bcpkix-jdk15on-1.56.jar;E:\mvnrepo\org\bouncycastle\bcprov-jdk15on\1.56\bcprov-jdk15on-1.56.jar;E:\mvnrepo\org\springframework\cloud\spring-cloud-openfeign-core\2.0.1.RELEASE\spring-cloud-openfeign-core-2.0.1.RELEASE.jar;E:\mvnrepo\org\springframework\cloud\spring-cloud-netflix-ribbon\2.0.1.RELEASE\spring-cloud-netflix-ribbon-2.0.1.RELEASE.jar;E:\mvnrepo\org\springframework\cloud\spring-cloud-netflix-archaius\2.0.1.RELEASE\spring-cloud-netflix-archaius-2.0.1.RELEASE.jar;E:\mvnrepo\org\springframework\boot\spring-boot-starter-aop\2.0.8.RELEASE\spring-boot-starter-aop-2.0.8.RELEASE.jar;E:\mvnrepo\org\aspectj\aspectjweaver\1.8.13\aspectjweaver-1.8.13.jar;E:\mvnrepo\org\springframework\cloud\spring-cloud-commons\2.0.1.RELEASE\spring-cloud-commons-2.0.1.RELEASE.jar;E:\mvnrepo\org\springframework\security\spring-security-crypto\5.0.11.RELEASE\spring-security-crypto-5.0.11.RELEASE.jar;E:\mvnrepo\io\github\openfeign\feign-core\9.5.1\feign-core-9.5.1.jar;E:\mvnrepo\io\github\openfeign\feign-slf4j\9.5.1\feign-slf4j-9.5.1.jar;E:\mvnrepo\org\slf4j\slf4j-api\1.7.25\slf4j-api-1.7.25.jar;E:\mvnrepo\io\github\openfeign\feign-hystrix\9.5.1\feign-hystrix-9.5.1.jar;E:\mvnrepo\com\netflix\archaius\archaius-core\0.7.6\archaius-core-0.7.6.jar;E:\mvnrepo\com\google\code\findbugs\jsr305\3.0.1\jsr305-3.0.1.jar;E:\mvnrepo\com\google\guava\guava\16.0\guava-16.0.jar;E:\mvnrepo\com\netflix\hystrix\hystrix-core\1.5.12\hystrix-core-1.5.12.jar;E:\mvnrepo\io\github\openfeign\feign-java8\9.5.1\feign-java8-9.5.1.jar;E:\mvnrepo\org\springframework\boot\spring-boot-starter-test\2.0.8.RELEASE\spring-boot-starter-test-2.0.8.RELEASE.jar;E:\mvnrepo\org\springframework\boot\spring-boot-test\2.0.8.RELEASE\spring-boot-test-2.0.8.RELEASE.jar;E:\mvnrepo\org\springframework\boot\spring-boot-test-autoconfigure\2.0.8.RELEASE\spring-boot-test-autoconfigure-2.0.8.RELEASE.jar;E:\mvnrepo\com\jayway\jsonpath\json-path\2.4.0\json-path-2.4.0.jar;E:\mvnrepo\net\minidev\json-smart\2.3\json-smart-2.3.jar;E:\mvnrepo\net\minidev\accessors-smart\1.2\accessors-smart-1.2.jar;E:\mvnrepo\org\ow2\asm\asm\5.0.4\asm-5.0.4.jar;E:\mvnrepo\junit\junit\4.12\junit-4.12.jar;E:\mvnrepo\org\assertj\assertj-core\3.9.1\assertj-core-3.9.1.jar;E:\mvnrepo\org\mockito\mockito-core\2.15.0\mockito-core-2.15.0.jar;E:\mvnrepo\net\bytebuddy\byte-buddy\1.7.11\byte-buddy-1.7.11.jar;E:\mvnrepo\net\bytebuddy\byte-buddy-agent\1.7.11\byte-buddy-agent-1.7.11.jar;E:\mvnrepo\org\objenesis\objenesis\2.6\objenesis-2.6.jar;E:\mvnrepo\org\hamcrest\hamcrest-core\1.3\hamcrest-core-1.3.jar;E:\mvnrepo\org\hamcrest\hamcrest-library\1.3\hamcrest-library-1.3.jar;E:\mvnrepo\org\skyscreamer\jsonassert\1.5.0\jsonassert-1.5.0.jar;E:\mvnrepo\com\vaadin\external\google\android-json\0.0.20131108.vaadin1\android-json-0.0.20131108.vaadin1.jar;E:\mvnrepo\org\springframework\spring-core\5.0.12.RELEASE\spring-core-5.0.12.RELEASE.jar;E:\mvnrepo\org\springframework\spring-jcl\5.0.12.RELEASE\spring-jcl-5.0.12.RELEASE.jar;E:\mvnrepo\org\springframework\spring-test\5.0.12.RELEASE\spring-test-5.0.12.RELEASE.jar;E:\mvnrepo\org\xmlunit\xmlunit-core\2.5.1\xmlunit-core-2.5.1.jar;E:\mvnrepo\org\springframework\boot\spring-boot-starter-actuator\2.0.8.RELEASE\spring-boot-starter-actuator-2.0.8.RELEASE.jar;E:\mvnrepo\org\springframework\boot\spring-boot-actuator-autoconfigure\2.0.8.RELEASE\spring-boot-actuator-autoconfigure-2.0.8.RELEASE.jar;E:\mvnrepo\org\springframework\boot\spring-boot-actuator\2.0.8.RELEASE\spring-boot-actuator-2.0.8.RELEASE.jar;E:\mvnrepo\io\micrometer\micrometer-core\1.0.9\micrometer-core-1.0.9.jar;E:\mvnrepo\org\hdrhistogram\HdrHistogram\2.1.10\HdrHistogram-2.1.10.jar;E:\mvnrepo\org\latencyutils\LatencyUtils\2.0.3\LatencyUtils-2.0.3.jar;E:\mvnrepo\org\springframework\cloud\spring-cloud-starter-consul-discovery\2.0.1.RELEASE\spring-cloud-starter-consul-discovery-2.0.1.RELEASE.jar;E:\mvnrepo\org\springframework\cloud\spring-cloud-starter-consul\2.0.1.RELEASE\spring-cloud-starter-consul-2.0.1.RELEASE.jar;E:\mvnrepo\org\springframework\cloud\spring-cloud-consul-core\2.0.1.RELEASE\spring-cloud-consul-core-2.0.1.RELEASE.jar;E:\mvnrepo\com\ecwid\consul\consul-api\1.3.1\consul-api-1.3.1.jar;E:\mvnrepo\com\google\code\gson\gson\2.8.5\gson-2.8.5.jar;E:\mvnrepo\org\apache\httpcomponents\httpclient\4.5.6\httpclient-4.5.6.jar;E:\mvnrepo\commons-codec\commons-codec\1.11\commons-codec-1.11.jar;E:\mvnrepo\org\apache\httpcomponents\httpcore\4.4.10\httpcore-4.4.10.jar;E:\mvnrepo\org\springframework\cloud\spring-cloud-consul-discovery\2.0.1.RELEASE\spring-cloud-consul-discovery-2.0.1.RELEASE.jar;E:\mvnrepo\commons-configuration\commons-configuration\1.8\commons-configuration-1.8.jar;E:\mvnrepo\commons-lang\commons-lang\2.6\commons-lang-2.6.jar;E:\mvnrepo\org\springframework\cloud\spring-cloud-netflix-core\2.0.1.RELEASE\spring-cloud-netflix-core-2.0.1.RELEASE.jar;E:\mvnrepo\org\springframework\cloud\spring-cloud-starter-netflix-ribbon\2.0.1.RELEASE\spring-cloud-starter-netflix-ribbon-2.0.1.RELEASE.jar;E:\mvnrepo\org\springframework\cloud\spring-cloud-starter-netflix-archaius\2.0.1.RELEASE\spring-cloud-starter-netflix-archaius-2.0.1.RELEASE.jar;E:\mvnrepo\com\netflix\ribbon\ribbon\2.2.5\ribbon-2.2.5.jar;E:\mvnrepo\com\netflix\ribbon\ribbon-transport\2.2.5\ribbon-transport-2.2.5.jar;E:\mvnrepo\io\reactivex\rxnetty-contexts\0.4.9\rxnetty-contexts-0.4.9.jar;E:\mvnrepo\io\reactivex\rxnetty-servo\0.4.9\rxnetty-servo-0.4.9.jar;E:\mvnrepo\javax\inject\javax.inject\1\javax.inject-1.jar;E:\mvnrepo\io\reactivex\rxnetty\0.4.9\rxnetty-0.4.9.jar;E:\mvnrepo\io\netty\netty-codec-http\4.1.31.Final\netty-codec-http-4.1.31.Final.jar;E:\mvnrepo\io\netty\netty-codec\4.1.31.Final\netty-codec-4.1.31.Final.jar;E:\mvnrepo\io\netty\netty-transport-native-epoll\4.1.31.Final\netty-transport-native-epoll-4.1.31.Final.jar;E:\mvnrepo\io\netty\netty-common\4.1.31.Final\netty-common-4.1.31.Final.jar;E:\mvnrepo\io\netty\netty-buffer\4.1.31.Final\netty-buffer-4.1.31.Final.jar;E:\mvnrepo\io\netty\netty-transport-native-unix-common\4.1.31.Final\netty-transport-native-unix-common-4.1.31.Final.jar;E:\mvnrepo\io\netty\netty-transport\4.1.31.Final\netty-transport-4.1.31.Final.jar;E:\mvnrepo\io\netty\netty-resolver\4.1.31.Final\netty-resolver-4.1.31.Final.jar;E:\mvnrepo\com\netflix\ribbon\ribbon-core\2.2.5\ribbon-core-2.2.5.jar;E:\mvnrepo\com\netflix\ribbon\ribbon-httpclient\2.2.5\ribbon-httpclient-2.2.5.jar;E:\mvnrepo\commons-collections\commons-collections\3.2.2\commons-collections-3.2.2.jar;E:\mvnrepo\com\sun\jersey\jersey-client\1.19.1\jersey-client-1.19.1.jar;E:\mvnrepo\com\sun\jersey\jersey-core\1.19.1\jersey-core-1.19.1.jar;E:\mvnrepo\javax\ws\rs\jsr311-api\1.1.1\jsr311-api-1.1.1.jar;E:\mvnrepo\com\sun\jersey\contribs\jersey-apache-client4\1.19.1\jersey-apache-client4-1.19.1.jar;E:\mvnrepo\com\netflix\servo\servo-core\0.12.21\servo-core-0.12.21.jar;E:\mvnrepo\com\netflix\netflix-commons\netflix-commons-util\0.3.0\netflix-commons-util-0.3.0.jar;E:\mvnrepo\com\netflix\ribbon\ribbon-loadbalancer\2.2.5\ribbon-loadbalancer-2.2.5.jar;E:\mvnrepo\com\netflix\netflix-commons\netflix-statistics\0.1.1\netflix-statistics-0.1.1.jar;E:\mvnrepo\io\reactivex\rxjava\1.3.8\rxjava-1.3.8.jar;E:\mvnrepo\joda-time\joda-time\2.9.9\joda-time-2.9.9.jar;"/>
    <property name="java.vm.vendor" value="Oracle Corporation"/>
    <property name="sun.arch.data.model" value="64"/>
    <property name="user.variant" value=""/>
    <property name="java.vendor.url" value="http://java.oracle.com/"/>
    <property name="user.timezone" value="Asia/Shanghai"/>
    <property name="java.vm.specification.version" value="1.8"/>
    <property name="os.name" value="Windows 8.1"/>
    <property name="user.country" value="CN"/>
    <property name="sun.java.launcher" value="SUN_STANDARD"/>
    <property name="sun.boot.library.path" value="E:\software\jdk8\jre\bin"/>
    <property name="sun.java.command" value="C:\Users\ADMINI~1\AppData\Local\Temp\surefire2483345754876705374\surefirebooter3600355231134504911.jar C:\Users\Administrator\AppData\Local\Temp\surefire2483345754876705374 2019-03-31T14-16-58_357-jvmRun1 surefire7200982125164288788tmp surefire_03272781645530971087tmp"/>
    <property name="surefire.test.class.path" value="D:\workspace-springbootadmin\spring-cloud\spring-cloud-consul-producer\target\test-classes;D:\workspace-springbootadmin\spring-cloud\spring-cloud-consul-producer\target\classes;E:\mvnrepo\org\springframework\boot\spring-boot-starter-web\2.0.8.RELEASE\spring-boot-starter-web-2.0.8.RELEASE.jar;E:\mvnrepo\org\springframework\boot\spring-boot-starter\2.0.8.RELEASE\spring-boot-starter-2.0.8.RELEASE.jar;E:\mvnrepo\org\springframework\boot\spring-boot\2.0.8.RELEASE\spring-boot-2.0.8.RELEASE.jar;E:\mvnrepo\org\springframework\boot\spring-boot-autoconfigure\2.0.8.RELEASE\spring-boot-autoconfigure-2.0.8.RELEASE.jar;E:\mvnrepo\org\springframework\boot\spring-boot-starter-logging\2.0.8.RELEASE\spring-boot-starter-logging-2.0.8.RELEASE.jar;E:\mvnrepo\ch\qos\logback\logback-classic\1.2.3\logback-classic-1.2.3.jar;E:\mvnrepo\ch\qos\logback\logback-core\1.2.3\logback-core-1.2.3.jar;E:\mvnrepo\org\apache\logging\log4j\log4j-to-slf4j\2.10.0\log4j-to-slf4j-2.10.0.jar;E:\mvnrepo\org\apache\logging\log4j\log4j-api\2.10.0\log4j-api-2.10.0.jar;E:\mvnrepo\org\slf4j\jul-to-slf4j\1.7.25\jul-to-slf4j-1.7.25.jar;E:\mvnrepo\javax\annotation\javax.annotation-api\1.3.2\javax.annotation-api-1.3.2.jar;E:\mvnrepo\org\yaml\snakeyaml\1.19\snakeyaml-1.19.jar;E:\mvnrepo\org\springframework\boot\spring-boot-starter-json\2.0.8.RELEASE\spring-boot-starter-json-2.0.8.RELEASE.jar;E:\mvnrepo\com\fasterxml\jackson\core\jackson-databind\2.9.8\jackson-databind-2.9.8.jar;E:\mvnrepo\com\fasterxml\jackson\core\jackson-annotations\2.9.0\jackson-annotations-2.9.0.jar;E:\mvnrepo\com\fasterxml\jackson\core\jackson-core\2.9.8\jackson-core-2.9.8.jar;E:\mvnrepo\com\fasterxml\jackson\datatype\jackson-datatype-jdk8\2.9.8\jackson-datatype-jdk8-2.9.8.jar;E:\mvnrepo\com\fasterxml\jackson\datatype\jackson-datatype-jsr310\2.9.8\jackson-datatype-jsr310-2.9.8.jar;E:\mvnrepo\com\fasterxml\jackson\module\jackson-module-parameter-names\2.9.8\jackson-module-parameter-names-2.9.8.jar;E:\mvnrepo\org\springframework\boot\spring-boot-starter-tomcat\2.0.8.RELEASE\spring-boot-starter-tomcat-2.0.8.RELEASE.jar;E:\mvnrepo\org\apache\tomcat\embed\tomcat-embed-core\8.5.37\tomcat-embed-core-8.5.37.jar;E:\mvnrepo\org\apache\tomcat\embed\tomcat-embed-el\8.5.37\tomcat-embed-el-8.5.37.jar;E:\mvnrepo\org\apache\tomcat\embed\tomcat-embed-websocket\8.5.37\tomcat-embed-websocket-8.5.37.jar;E:\mvnrepo\org\hibernate\validator\hibernate-validator\6.0.14.Final\hibernate-validator-6.0.14.Final.jar;E:\mvnrepo\javax\validation\validation-api\2.0.1.Final\validation-api-2.0.1.Final.jar;E:\mvnrepo\org\jboss\logging\jboss-logging\3.3.2.Final\jboss-logging-3.3.2.Final.jar;E:\mvnrepo\com\fasterxml\classmate\1.3.4\classmate-1.3.4.jar;E:\mvnrepo\org\springframework\spring-web\5.0.12.RELEASE\spring-web-5.0.12.RELEASE.jar;E:\mvnrepo\org\springframework\spring-beans\5.0.12.RELEASE\spring-beans-5.0.12.RELEASE.jar;E:\mvnrepo\org\springframework\spring-webmvc\5.0.12.RELEASE\spring-webmvc-5.0.12.RELEASE.jar;E:\mvnrepo\org\springframework\spring-aop\5.0.12.RELEASE\spring-aop-5.0.12.RELEASE.jar;E:\mvnrepo\org\springframework\spring-context\5.0.12.RELEASE\spring-context-5.0.12.RELEASE.jar;E:\mvnrepo\org\springframework\spring-expression\5.0.12.RELEASE\spring-expression-5.0.12.RELEASE.jar;E:\mvnrepo\org\springframework\cloud\spring-cloud-starter-openfeign\2.0.1.RELEASE\spring-cloud-starter-openfeign-2.0.1.RELEASE.jar;E:\mvnrepo\org\springframework\cloud\spring-cloud-starter\2.0.1.RELEASE\spring-cloud-starter-2.0.1.RELEASE.jar;E:\mvnrepo\org\springframework\cloud\spring-cloud-context\2.0.1.RELEASE\spring-cloud-context-2.0.1.RELEASE.jar;E:\mvnrepo\org\springframework\security\spring-security-rsa\1.0.5.RELEASE\spring-security-rsa-1.0.5.RELEASE.jar;E:\mvnrepo\org\bouncycastle\bcpkix-jdk15on\1.56\bcpkix-jdk15on-1.56.jar;E:\mvnrepo\org\bouncycastle\bcprov-jdk15on\1.56\bcprov-jdk15on-1.56.jar;E:\mvnrepo\org\springframework\cloud\spring-cloud-openfeign-core\2.0.1.RELEASE\spring-cloud-openfeign-core-2.0.1.RELEASE.jar;E:\mvnrepo\org\springframework\cloud\spring-cloud-netflix-ribbon\2.0.1.RELEASE\spring-cloud-netflix-ribbon-2.0.1.RELEASE.jar;E:\mvnrepo\org\springframework\cloud\spring-cloud-netflix-archaius\2.0.1.RELEASE\spring-cloud-netflix-archaius-2.0.1.RELEASE.jar;E:\mvnrepo\org\springframework\boot\spring-boot-starter-aop\2.0.8.RELEASE\spring-boot-starter-aop-2.0.8.RELEASE.jar;E:\mvnrepo\org\aspectj\aspectjweaver\1.8.13\aspectjweaver-1.8.13.jar;E:\mvnrepo\org\springframework\cloud\spring-cloud-commons\2.0.1.RELEASE\spring-cloud-commons-2.0.1.RELEASE.jar;E:\mvnrepo\org\springframework\security\spring-security-crypto\5.0.11.RELEASE\spring-security-crypto-5.0.11.RELEASE.jar;E:\mvnrepo\io\github\openfeign\feign-core\9.5.1\feign-core-9.5.1.jar;E:\mvnrepo\io\github\openfeign\feign-slf4j\9.5.1\feign-slf4j-9.5.1.jar;E:\mvnrepo\org\slf4j\slf4j-api\1.7.25\slf4j-api-1.7.25.jar;E:\mvnrepo\io\github\openfeign\feign-hystrix\9.5.1\feign-hystrix-9.5.1.jar;E:\mvnrepo\com\netflix\archaius\archaius-core\0.7.6\archaius-core-0.7.6.jar;E:\mvnrepo\com\google\code\findbugs\jsr305\3.0.1\jsr305-3.0.1.jar;E:\mvnrepo\com\google\guava\guava\16.0\guava-16.0.jar;E:\mvnrepo\com\netflix\hystrix\hystrix-core\1.5.12\hystrix-core-1.5.12.jar;E:\mvnrepo\io\github\openfeign\feign-java8\9.5.1\feign-java8-9.5.1.jar;E:\mvnrepo\org\springframework\boot\spring-boot-starter-test\2.0.8.RELEASE\spring-boot-starter-test-2.0.8.RELEASE.jar;E:\mvnrepo\org\springframework\boot\spring-boot-test\2.0.8.RELEASE\spring-boot-test-2.0.8.RELEASE.jar;E:\mvnrepo\org\springframework\boot\spring-boot-test-autoconfigure\2.0.8.RELEASE\spring-boot-test-autoconfigure-2.0.8.RELEASE.jar;E:\mvnrepo\com\jayway\jsonpath\json-path\2.4.0\json-path-2.4.0.jar;E:\mvnrepo\net\minidev\json-smart\2.3\json-smart-2.3.jar;E:\mvnrepo\net\minidev\accessors-smart\1.2\accessors-smart-1.2.jar;E:\mvnrepo\org\ow2\asm\asm\5.0.4\asm-5.0.4.jar;E:\mvnrepo\junit\junit\4.12\junit-4.12.jar;E:\mvnrepo\org\assertj\assertj-core\3.9.1\assertj-core-3.9.1.jar;E:\mvnrepo\org\mockito\mockito-core\2.15.0\mockito-core-2.15.0.jar;E:\mvnrepo\net\bytebuddy\byte-buddy\1.7.11\byte-buddy-1.7.11.jar;E:\mvnrepo\net\bytebuddy\byte-buddy-agent\1.7.11\byte-buddy-agent-1.7.11.jar;E:\mvnrepo\org\objenesis\objenesis\2.6\objenesis-2.6.jar;E:\mvnrepo\org\hamcrest\hamcrest-core\1.3\hamcrest-core-1.3.jar;E:\mvnrepo\org\hamcrest\hamcrest-library\1.3\hamcrest-library-1.3.jar;E:\mvnrepo\org\skyscreamer\jsonassert\1.5.0\jsonassert-1.5.0.jar;E:\mvnrepo\com\vaadin\external\google\android-json\0.0.20131108.vaadin1\android-json-0.0.20131108.vaadin1.jar;E:\mvnrepo\org\springframework\spring-core\5.0.12.RELEASE\spring-core-5.0.12.RELEASE.jar;E:\mvnrepo\org\springframework\spring-jcl\5.0.12.RELEASE\spring-jcl-5.0.12.RELEASE.jar;E:\mvnrepo\org\springframework\spring-test\5.0.12.RELEASE\spring-test-5.0.12.RELEASE.jar;E:\mvnrepo\org\xmlunit\xmlunit-core\2.5.1\xmlunit-core-2.5.1.jar;E:\mvnrepo\org\springframework\boot\spring-boot-starter-actuator\2.0.8.RELEASE\spring-boot-starter-actuator-2.0.8.RELEASE.jar;E:\mvnrepo\org\springframework\boot\spring-boot-actuator-autoconfigure\2.0.8.RELEASE\spring-boot-actuator-autoconfigure-2.0.8.RELEASE.jar;E:\mvnrepo\org\springframework\boot\spring-boot-actuator\2.0.8.RELEASE\spring-boot-actuator-2.0.8.RELEASE.jar;E:\mvnrepo\io\micrometer\micrometer-core\1.0.9\micrometer-core-1.0.9.jar;E:\mvnrepo\org\hdrhistogram\HdrHistogram\2.1.10\HdrHistogram-2.1.10.jar;E:\mvnrepo\org\latencyutils\LatencyUtils\2.0.3\LatencyUtils-2.0.3.jar;E:\mvnrepo\org\springframework\cloud\spring-cloud-starter-consul-discovery\2.0.1.RELEASE\spring-cloud-starter-consul-discovery-2.0.1.RELEASE.jar;E:\mvnrepo\org\springframework\cloud\spring-cloud-starter-consul\2.0.1.RELEASE\spring-cloud-starter-consul-2.0.1.RELEASE.jar;E:\mvnrepo\org\springframework\cloud\spring-cloud-consul-core\2.0.1.RELEASE\spring-cloud-consul-core-2.0.1.RELEASE.jar;E:\mvnrepo\com\ecwid\consul\consul-api\1.3.1\consul-api-1.3.1.jar;E:\mvnrepo\com\google\code\gson\gson\2.8.5\gson-2.8.5.jar;E:\mvnrepo\org\apache\httpcomponents\httpclient\4.5.6\httpclient-4.5.6.jar;E:\mvnrepo\commons-codec\commons-codec\1.11\commons-codec-1.11.jar;E:\mvnrepo\org\apache\httpcomponents\httpcore\4.4.10\httpcore-4.4.10.jar;E:\mvnrepo\org\springframework\cloud\spring-cloud-consul-discovery\2.0.1.RELEASE\spring-cloud-consul-discovery-2.0.1.RELEASE.jar;E:\mvnrepo\commons-configuration\commons-configuration\1.8\commons-configuration-1.8.jar;E:\mvnrepo\commons-lang\commons-lang\2.6\commons-lang-2.6.jar;E:\mvnrepo\org\springframework\cloud\spring-cloud-netflix-core\2.0.1.RELEASE\spring-cloud-netflix-core-2.0.1.RELEASE.jar;E:\mvnrepo\org\springframework\cloud\spring-cloud-starter-netflix-ribbon\2.0.1.RELEASE\spring-cloud-starter-netflix-ribbon-2.0.1.RELEASE.jar;E:\mvnrepo\org\springframework\cloud\spring-cloud-starter-netflix-archaius\2.0.1.RELEASE\spring-cloud-starter-netflix-archaius-2.0.1.RELEASE.jar;E:\mvnrepo\com\netflix\ribbon\ribbon\2.2.5\ribbon-2.2.5.jar;E:\mvnrepo\com\netflix\ribbon\ribbon-transport\2.2.5\ribbon-transport-2.2.5.jar;E:\mvnrepo\io\reactivex\rxnetty-contexts\0.4.9\rxnetty-contexts-0.4.9.jar;E:\mvnrepo\io\reactivex\rxnetty-servo\0.4.9\rxnetty-servo-0.4.9.jar;E:\mvnrepo\javax\inject\javax.inject\1\javax.inject-1.jar;E:\mvnrepo\io\reactivex\rxnetty\0.4.9\rxnetty-0.4.9.jar;E:\mvnrepo\io\netty\netty-codec-http\4.1.31.Final\netty-codec-http-4.1.31.Final.jar;E:\mvnrepo\io\netty\netty-codec\4.1.31.Final\netty-codec-4.1.31.Final.jar;E:\mvnrepo\io\netty\netty-transport-native-epoll\4.1.31.Final\netty-transport-native-epoll-4.1.31.Final.jar;E:\mvnrepo\io\netty\netty-common\4.1.31.Final\netty-common-4.1.31.Final.jar;E:\mvnrepo\io\netty\netty-buffer\4.1.31.Final\netty-buffer-4.1.31.Final.jar;E:\mvnrepo\io\netty\netty-transport-native-unix-common\4.1.31.Final\netty-transport-native-unix-common-4.1.31.Final.jar;E:\mvnrepo\io\netty\netty-transport\4.1.31.Final\netty-transport-4.1.31.Final.jar;E:\mvnrepo\io\netty\netty-resolver\4.1.31.Final\netty-resolver-4.1.31.Final.jar;E:\mvnrepo\com\netflix\ribbon\ribbon-core\2.2.5\ribbon-core-2.2.5.jar;E:\mvnrepo\com\netflix\ribbon\ribbon-httpclient\2.2.5\ribbon-httpclient-2.2.5.jar;E:\mvnrepo\commons-collections\commons-collections\3.2.2\commons-collections-3.2.2.jar;E:\mvnrepo\com\sun\jersey\jersey-client\1.19.1\jersey-client-1.19.1.jar;E:\mvnrepo\com\sun\jersey\jersey-core\1.19.1\jersey-core-1.19.1.jar;E:\mvnrepo\javax\ws\rs\jsr311-api\1.1.1\jsr311-api-1.1.1.jar;E:\mvnrepo\com\sun\jersey\contribs\jersey-apache-client4\1.19.1\jersey-apache-client4-1.19.1.jar;E:\mvnrepo\com\netflix\servo\servo-core\0.12.21\servo-core-0.12.21.jar;E:\mvnrepo\com\netflix\netflix-commons\netflix-commons-util\0.3.0\netflix-commons-util-0.3.0.jar;E:\mvnrepo\com\netflix\ribbon\ribbon-loadbalancer\2.2.5\ribbon-loadbalancer-2.2.5.jar;E:\mvnrepo\com\netflix\netflix-commons\netflix-statistics\0.1.1\netflix-statistics-0.1.1.jar;E:\mvnrepo\io\reactivex\rxjava\1.3.8\rxjava-1.3.8.jar;E:\mvnrepo\joda-time\joda-time\2.9.9\joda-time-2.9.9.jar;"/>
    <property name="sun.cpu.endian" value="little"/>
    <property name="user.home" value="C:\Users\Administrator"/>
    <property name="user.language" value="zh"/>
    <property name="java.specification.vendor" value="Oracle Corporation"/>
    <property name="java.home" value="E:\software\jdk8\jre"/>
    <property name="basedir" value="D:\workspace-springbootadmin\spring-cloud\spring-cloud-consul-producer"/>
    <property name="file.separator" value="\"/>
    <property name="line.separator" value="&#10;"/>
    <property name="java.vm.specification.vendor" value="Oracle Corporation"/>
    <property name="java.specification.name" value="Java Platform API Specification"/>
    <property name="java.awt.graphicsenv" value="sun.awt.Win32GraphicsEnvironment"/>
    <property name="surefire.real.class.path" value="C:\Users\ADMINI~1\AppData\Local\Temp\surefire2483345754876705374\surefirebooter3600355231134504911.jar"/>
    <property name="sun.boot.class.path" value="E:\software\jdk8\jre\lib\resources.jar;E:\software\jdk8\jre\lib\rt.jar;E:\software\jdk8\jre\lib\sunrsasign.jar;E:\software\jdk8\jre\lib\jsse.jar;E:\software\jdk8\jre\lib\jce.jar;E:\software\jdk8\jre\lib\charsets.jar;E:\software\jdk8\jre\lib\jfr.jar;E:\software\jdk8\jre\classes"/>
    <property name="user.script" value=""/>
    <property name="sun.management.compiler" value="HotSpot 64-Bit Tiered Compilers"/>
    <property name="java.runtime.version" value="1.8.0_45-b15"/>
    <property name="user.name" value="Administrator"/>
    <property name="path.separator" value=";"/>
    <property name="os.version" value="6.3"/>
    <property name="java.endorsed.dirs" value="E:\software\jdk8\jre\lib\endorsed"/>
    <property name="java.runtime.name" value="Java(TM) SE Runtime Environment"/>
    <property name="file.encoding" value="GBK"/>
    <property name="java.vm.name" value="Java HotSpot(TM) 64-Bit Server VM"/>
    <property name="localRepository" value="E:\mvnrepo"/>
    <property name="java.vendor.url.bug" value="http://bugreport.sun.com/bugreport/"/>
    <property name="java.io.tmpdir" value="C:\Users\ADMINI~1\AppData\Local\Temp\"/>
    <property name="java.version" value="1.8.0_45"/>
    <property name="user.dir" value="D:\workspace-springbootadmin\spring-cloud\spring-cloud-consul-producer"/>
    <property name="os.arch" value="amd64"/>
    <property name="java.vm.specification.name" value="Java Virtual Machine Specification"/>
    <property name="java.awt.printerjob" value="sun.awt.windows.WPrinterJob"/>
    <property name="sun.os.patch.level" value=""/>
    <property name="java.library.path" value="E:\software\jdk8\jre\bin;C:\WINDOWS\Sun\Java\bin;C:\WINDOWS\system32;C:\WINDOWS;E:/software/jdk8/bin/../jre/bin/server;E:/software/jdk8/bin/../jre/bin;E:/software/jdk8/bin/../jre/lib/amd64;C:\WINDOWS\system32;C:\WINDOWS;C:\WINDOWS\System32\Wbem;C:\WINDOWS\System32\WindowsPowerShell\v1.0\;C:\Program Files (x86)\GtkSharp\2.12\bin;C:\Program Files\Common Files\Autodesk Shared\;E:\software\jdk8\bin;C:\Users\Administrator\Desktop\ffmpeg-20180616-70742f0-win64-static\bin;C:\Users\Administrator\Desktop\nginx-1.12.2;C:\Program Files\OpenVPN\bin;C:\WINDOWS\System32\OpenSSH\;C:\Program Files (x86)\Autodesk\Backburner\;E:\software\git\Git\cmd;E:\software\apache-maven-3.3.3\bin;E:\software\consul_1.4.0_windows_amd64\consul\consul.exe;E:\software\nodejs\setup\;C:\Users\Administrator\AppData\Roaming\npm;C:\Users\Administrator\AppData\Roaming\npm\node_modules\webpack\bin;C:\Users\Administrator\AppData\Roaming\npm\node_modules\webpack-cli\bin;C:\Users\Administrator\AppData\Local\Microsoft\WindowsApps;C:\Users\Administrator\AppData\Roaming\npm;E:\software\spring tool suite\sts-3.9.1.RELEASE;;."/>
    <property name="java.vm.info" value="mixed mode"/>
    <property name="java.vendor" value="Oracle Corporation"/>
    <property name="java.vm.version" value="25.45-b02"/>
    <property name="java.ext.dirs" value="E:\software\jdk8\jre\lib\ext;C:\WINDOWS\Sun\Java\lib\ext"/>
    <property name="sun.io.unicode.encoding" value="UnicodeLittle"/>
    <property name="java.class.version" value="52.0"/>
  </properties>
  <testcase name="contextLoads" classname="com.woasis.consulproducer.ConsulProducerApplicationTests" time="0.157"/>
</testsuite>